52 error Error: Command failed: git commit -F C:\Users\User\AppData\Local\Temp\9e3bc220-40c7-4977-8b48-d69386167c27\lerna-commit.txt
52 error husky > commit-msg (node v12.14.1)
52 error ⧗   input: Publish
52 error
52 error  - @yarn_lerna_jest_typescript/common@0.2.1
52 error  - @yarn_lerna_jest_typescript/package1@0.2.1
52 error  - @yarn_lerna_jest_typescript/package2@0.1.14
52 error  - yarn_lerna_jest_typescript@0.2.1
52 error ✖   subject may not be empty [subject-empty]
52 error ✖   type may not be empty [type-empty]
52 error
52 error ✖   found 2 problems, 0 warnings
52 error ⓘ   Get help: https://github.com/conventional-changelog/commitlint/#what-is-commitlint
52 error
52 error husky > commit-msg hook failed (add --no-verify to bypass)
52 error error Command failed with exit code 1.
52 error
52 error     at makeError (C:\Projects\my_github\monorepos-templates\yarn_lerna_jest_typescript\node_modules\execa\index.js:174:9)
52 error     at C:\Projects\my_github\monorepos-templates\yarn_lerna_jest_typescript\node_modules\execa\index.js:278:16
52 error     at processTicksAndRejections (internal/process/task_queues.js:94:5)
